<?xml version="1.0" encoding="UTF-8"?>
<testsuite xmlns:xsi="http://www.w3.org/2001/XMLSchema-instance" xsi:noNamespaceSchemaLocation="https://maven.apache.org/surefire/maven-surefire-plugin/xsd/surefire-test-report-3.0.xsd" version="3.0" name="com.neotys.TwoFactorAuth.TOTPCodeGeneartorActionTest" time="0.157" tests="1" errors="0" skipped="0" failures="0">
  <properties>
    <property name="java.specification.version" value="17"/>
    <property name="sun.cpu.isalist" value="amd64"/>
    <property name="sun.jnu.encoding" value="Cp1252"/>
    <property name="java.class.path" value="C:\vijesh\eclipse-workspace\Javaprojects\TOTP Microsoft\TwoFactorAuth\target\test-classes;C:\vijesh\eclipse-workspace\Javaprojects\TOTP Microsoft\TwoFactorAuth\target\classes;C:\Users\vijvi\.m2\repository\com\neotys\actions\neotys-custom-action-api\2.6.0\neotys-custom-action-api-2.6.0.jar;C:\Users\vijvi\.m2\repository\com\google\guava\guava\18.0\guava-18.0.jar;C:\Users\vijvi\.m2\repository\com\google\code\findbugs\jsr305\2.0.1\jsr305-2.0.1.jar;C:\Users\vijvi\.m2\repository\junit\junit\4.11\junit-4.11.jar;C:\Users\vijvi\.m2\repository\org\hamcrest\hamcrest-core\1.3\hamcrest-core-1.3.jar;C:\Users\vijvi\.m2\repository\com\warrenstrange\googleauth\1.5.0\googleauth-1.5.0.jar;C:\Users\vijvi\.m2\repository\commons-codec\commons-codec\1.14\commons-codec-1.14.jar;C:\Users\vijvi\.m2\repository\org\apache\httpcomponents\httpclient\4.5.12\httpclient-4.5.12.jar;C:\Users\vijvi\.m2\repository\org\apache\httpcomponents\httpcore\4.4.13\httpcore-4.4.13.jar;C:\Users\vijvi\.m2\repository\commons-logging\commons-logging\1.2\commons-logging-1.2.jar;"/>
    <property name="java.vm.vendor" value="Eclipse Adoptium"/>
    <property name="sun.arch.data.model" value="64"/>
    <property name="user.variant" value=""/>
    <property name="java.vendor.url" value="https://adoptium.net/"/>
    <property name="user.timezone" value="Asia/Calcutta"/>
    <property name="os.name" value="Windows 10"/>
    <property name="java.vm.specification.version" value="17"/>
    <property name="sun.java.launcher" value="SUN_STANDARD"/>
    <property name="user.country" value="US"/>
    <property name="sun.boot.library.path" value="C:\Users\vijvi\.p2\pool\plugins\org.eclipse.justj.openjdk.hotspot.jre.full.win32.x86_64_17.0.10.v20240120-1143\jre\bin"/>
    <property name="sun.java.command" value="C:\Users\vijvi\AppData\Local\Temp\surefire5697417039429036134\surefirebooter-20240905205556012_3.jar C:\Users\vijvi\AppData\Local\Temp\surefire5697417039429036134 2024-09-05T20-55-55_875-jvmRun1 surefire-20240905205556012_1tmp surefire_0-20240905205556012_2tmp"/>
    <property name="jdk.debug" value="release"/>
    <property name="surefire.test.class.path" value="C:\vijesh\eclipse-workspace\Javaprojects\TOTP Microsoft\TwoFactorAuth\target\test-classes;C:\vijesh\eclipse-workspace\Javaprojects\TOTP Microsoft\TwoFactorAuth\target\classes;C:\Users\vijvi\.m2\repository\com\neotys\actions\neotys-custom-action-api\2.6.0\neotys-custom-action-api-2.6.0.jar;C:\Users\vijvi\.m2\repository\com\google\guava\guava\18.0\guava-18.0.jar;C:\Users\vijvi\.m2\repository\com\google\code\findbugs\jsr305\2.0.1\jsr305-2.0.1.jar;C:\Users\vijvi\.m2\repository\junit\junit\4.11\junit-4.11.jar;C:\Users\vijvi\.m2\repository\org\hamcrest\hamcrest-core\1.3\hamcrest-core-1.3.jar;C:\Users\vijvi\.m2\repository\com\warrenstrange\googleauth\1.5.0\googleauth-1.5.0.jar;C:\Users\vijvi\.m2\repository\commons-codec\commons-codec\1.14\commons-codec-1.14.jar;C:\Users\vijvi\.m2\repository\org\apache\httpcomponents\httpclient\4.5.12\httpclient-4.5.12.jar;C:\Users\vijvi\.m2\repository\org\apache\httpcomponents\httpcore\4.4.13\httpcore-4.4.13.jar;C:\Users\vijvi\.m2\repository\commons-logging\commons-logging\1.2\commons-logging-1.2.jar;"/>
    <property name="sun.cpu.endian" value="little"/>
    <property name="user.home" value="C:\Users\vijvi"/>
    <property name="user.language" value="en"/>
    <property name="java.specification.vendor" value="Oracle Corporation"/>
    <property name="java.version.date" value="2024-01-16"/>
    <property name="java.home" value="C:\Users\vijvi\.p2\pool\plugins\org.eclipse.justj.openjdk.hotspot.jre.full.win32.x86_64_17.0.10.v20240120-1143\jre"/>
    <property name="file.separator" value="\"/>
    <property name="style.color" value="always"/>
    <property name="basedir" value="C:\vijesh\eclipse-workspace\Javaprojects\TOTP Microsoft\TwoFactorAuth\target\com.googlecode.addjars.mojo.AddJarsMojo"/>
    <property name="java.vm.compressedOopsMode" value="Zero based"/>
    <property name="line.separator" value="&#10;"/>
    <property name="java.vm.specification.vendor" value="Oracle Corporation"/>
    <property name="java.specification.name" value="Java Platform API Specification"/>
    <property name="surefire.real.class.path" value="C:\Users\vijvi\AppData\Local\Temp\surefire5697417039429036134\surefirebooter-20240905205556012_3.jar"/>
    <property name="user.script" value=""/>
    <property name="sun.management.compiler" value="HotSpot 64-Bit Tiered Compilers"/>
    <property name="java.runtime.version" value="17.0.10+7"/>
    <property name="user.name" value="vijvi"/>
    <property name="path.separator" value=";"/>
    <property name="os.version" value="10.0"/>
    <property name="java.runtime.name" value="OpenJDK Runtime Environment"/>
    <property name="file.encoding" value="Cp1252"/>
    <property name="java.vm.name" value="OpenJDK 64-Bit Server VM"/>
    <property name="java.vendor.version" value="Temurin-17.0.10+7"/>
    <property name="localRepository" value="C:\Users\vijvi\.m2\repository"/>
    <property name="java.vendor.url.bug" value="https://github.com/adoptium/adoptium-support/issues"/>
    <property name="java.io.tmpdir" value="C:\Users\vijvi\AppData\Local\Temp\"/>
    <property name="java.version" value="17.0.10"/>
    <property name="user.dir" value="C:\vijesh\eclipse-workspace\Javaprojects\TOTP Microsoft\TwoFactorAuth\target\com.googlecode.addjars.mojo.AddJarsMojo"/>
    <property name="os.arch" value="amd64"/>
    <property name="java.vm.specification.name" value="Java Virtual Machine Specification"/>
    <property name="sun.os.patch.level" value=""/>
    <property name="native.encoding" value="Cp1252"/>
    <property name="java.library.path" value="C:\Users\vijvi\.p2\pool\plugins\org.eclipse.justj.openjdk.hotspot.jre.full.win32.x86_64_17.0.10.v20240120-1143\jre\bin;C:\WINDOWS\Sun\Java\bin;C:\WINDOWS\system32;C:\WINDOWS;C:/Users/vijvi/.p2/pool/plugins/org.eclipse.justj.openjdk.hotspot.jre.full.win32.x86_64_17.0.10.v20240120-1143/jre/bin/server;C:/Users/vijvi/.p2/pool/plugins/org.eclipse.justj.openjdk.hotspot.jre.full.win32.x86_64_17.0.10.v20240120-1143/jre/bin;C:\Program Files\BellSoft\LibericaJDK-11\bin\;C:\Program Files (x86)\TRICENTIS\Tosca Testsuite\ToscaCommander;;C:\WINDOWS\system32;C:\WINDOWS;C:\WINDOWS\System32\Wbem;C:\WINDOWS\System32\WindowsPowerShell\v1.0\;C:\WINDOWS\System32\OpenSSH\;C:\Program Files\dotnet\;C:\vijesh\Neoload Support\SAP RFC\latest frmsapsupport\sapjco3-ntamd64-3.1.9\;C:\vijesh\Neoload Support\SAP RFC\Idoc\sapjidoc31P_3-80004914\;C:\vijesh\Neoload Support\SAP RFC\Idoc\runnablejar\listner_lib\;C:\Users\vijvi\AppData\Local\Microsoft\WindowsApps;C:\Users\vijvi\AppData\Local\GitHubDesktop\bin;C:\WINDOWS\system32;;."/>
    <property name="java.vm.info" value="mixed mode"/>
    <property name="java.vendor" value="Eclipse Adoptium"/>
    <property name="java.vm.version" value="17.0.10+7"/>
    <property name="sun.io.unicode.encoding" value="UnicodeLittle"/>
    <property name="java.class.version" value="61.0"/>
  </properties>
  <testcase name="shouldReturnType" classname="com.neotys.TwoFactorAuth.TOTPCodeGeneartorActionTest" time="0.128"/>
</testsuite>